0 info it worked if it ends with ok
1 verbose cli [ '/usr/local/Cellar/iojs/3.3.1/bin/iojs',
1 verbose cli   '/usr/local/bin/npm',
1 verbose cli   'run',
1 verbose cli   'prod' ]
2 info using npm@3.7.3
3 info using node@v5.6.0
4 verbose config Skipping project config: /Users/ocselvig/.npmrc. (matches userconfig)
5 verbose stack Error: ENOENT: no such file or directory, open '/Users/ocselvig/package.json'
5 verbose stack     at Error (native)
6 verbose cwd /Users/ocselvig/Code/IT3708/Assignment 4
7 error Darwin 15.3.0
8 error argv "/usr/local/Cellar/iojs/3.3.1/bin/iojs" "/usr/local/bin/npm" "run" "prod"
9 error node v5.6.0
10 error npm  v3.7.3
11 error path /Users/ocselvig/package.json
12 error code ENOENT
13 error errno -2
14 error syscall open
15 error enoent ENOENT: no such file or directory, open '/Users/ocselvig/package.json'
16 error enoent ENOENT: no such file or directory, open '/Users/ocselvig/package.json'
16 error enoent This is most likely not a problem with npm itself
16 error enoent and is related to npm not being able to find a file.
17 verbose exit [ -2, true ]
